<?xml version="1.0" encoding="UTF-8"?>
<!-- Generated by org.testng.reporters.JUnitReportReporter -->
<testsuite hostname="DESKTOP-DNAIBMJ" failures="0" tests="1" name="LibraryApi" time="0.014" errors="0" timestamp="2023-06-10T11:21:05 IST" skipped="0">
  <testcase classname="LibraryApi" name="addBook" time="0.014"/>
  <system-out/>
</testsuite> <!-- LibraryApi -->
