<?xml version="1.0" encoding="UTF-8"?>
<!-- Generated by org.testng.reporters.JUnitReportReporter -->
<testsuite hostname="DESKTOP-DNAIBMJ" failures="0" tests="2" name="LibraryAPIAutomation.LibraryApiTestNG" time="4.510" errors="0" timestamp="2023-06-10T16:38:06 IST" skipped="0">
  <testcase classname="LibraryAPIAutomation.LibraryApiTestNG" name="addBook" time="0.230"/>
  <system-out/>
  <testcase classname="LibraryAPIAutomation.LibraryApiTestNG" name="addBook" time="4.280"/>
  <system-out/>
</testsuite> <!-- LibraryAPIAutomation.LibraryApiTestNG -->
